2023-11-03  7:48:30 0 [Note] Starting MariaDB 11.1.2-MariaDB source revision 9bc25d98209df6810f7a7d5e7dd3ae677a313ab5 as process 1812
2023-11-03  7:48:30 0 [Warning] option 'innodb-log-buffer-size': unsigned value 1048576 adjusted to 2097152
2023-11-03  7:48:30 0 [Note] InnoDB: Compressed tables use zlib 1.3
2023-11-03  7:48:30 0 [Note] InnoDB: Number of transaction pools: 1
2023-11-03  7:48:30 0 [Note] InnoDB: Using crc32 + pclmulqdq instructions
2023-11-03  7:48:30 0 [Note] InnoDB: Using liburing
2023-11-03  7:48:30 0 [Note] InnoDB: Initializing buffer pool, total size = 128.000MiB, chunk size = 2.000MiB
2023-11-03  7:48:31 0 [Note] InnoDB: Completed initialization of buffer pool
2023-11-03  7:48:31 0 [Note] InnoDB: Buffered log writes (block size=512 bytes)
2023-11-03  7:48:31 0 [Note] InnoDB: End of log at LSN=332580
2023-11-03  7:48:31 0 [Note] InnoDB: Opened 3 undo tablespaces
2023-11-03  7:48:31 0 [Note] InnoDB: 128 rollback segments in 3 undo tablespaces are active.
2023-11-03  7:48:31 0 [Note] InnoDB: Setting file './ibtmp1' size to 12.000MiB. Physically writing the file full; Please wait ...
2023-11-03  7:48:31 0 [Note] InnoDB: File './ibtmp1' size is now 12.000MiB.
2023-11-03  7:48:31 0 [Note] InnoDB: log sequence number 332580; transaction id 495
2023-11-03  7:48:31 0 [Note] InnoDB: Loading buffer pool(s) from /home/ayush/.local/share/akonadi/db_data/ib_buffer_pool
2023-11-03  7:48:31 0 [Note] Plugin 'wsrep-provider' is disabled.
2023-11-03  7:48:31 0 [Note] InnoDB: Buffer pool(s) load completed at 231103  7:48:31
2023-11-03  7:48:31 0 [Note] /usr/bin/mysqld: ready for connections.
Version: '11.1.2-MariaDB'  socket: '/run/user/1000/akonadi/mysql.socket'  port: 0  Arch Linux
