00:00:00.000794 main     VirtualBox XPCOM Server 7.0.10 r158379 linux.amd64 (Aug 11 2023 12:19:51) release log
00:00:00.000797 main     Log opened 2023-09-14T09:32:55.212966000Z
00:00:00.000798 main     Build Type: release
00:00:00.000800 main     OS Product: Linux
00:00:00.000800 main     OS Release: 6.1.52-1-lts
00:00:00.000801 main     OS Version: #1 SMP PREEMPT_DYNAMIC Thu, 07 Sep 2023 05:17:41 +0000
00:00:00.000828 main     DMI Product Name: VivoBook_ASUSLaptop X515EA_X515EA
00:00:00.000835 main     DMI Product Version: 1.0       
00:00:00.000840 main     Firmware type: UEFI
00:00:00.001036 main     Secure Boot: Disabled
00:00:00.001068 main     Host RAM: 7642MB (7.4GB) total, 6477MB (6.3GB) available
00:00:00.001072 main     Executable: /usr/lib/virtualbox/VBoxSVC
00:00:00.001072 main     Process ID: 1531
00:00:00.001073 main     Package type: LINUX_64BITS_GENERIC (OSE)
00:00:00.005098 main     IPC socket path: /tmp/.vbox-ayush-ipc/ipcd
00:00:00.122689 nspr-2   VirtualBox: object creation starts
00:00:00.123427 nspr-2   Home directory: '/home/ayush/.config/VirtualBox'
00:00:00.124044 nspr-2   Loading settings file "/home/ayush/.config/VirtualBox/VirtualBox.xml" with version "1.12-linux"
00:00:00.161790 nspr-2   NetIfAdpCtlOut: VBoxNetAdpCtl: Error while retrieving link speed for wlo1: VBoxNetAdpCtl: ioctl failed: Operation not supported
00:00:00.163942 nspr-2   HostDnsMonitor: initializing
00:00:00.164093 nspr-2   NAT: resolv.conf: nameserver 2409:40e3:1019:1d70::f8
00:00:00.164108 nspr-2   HostDnsMonitor: updating information
00:00:00.164122 nspr-2   HostDnsMonitor: old information
00:00:00.164124 nspr-2     no server entries
00:00:00.164127 nspr-2     no domain set
00:00:00.164130 nspr-2     no search string entries
00:00:00.164132 nspr-2   HostDnsMonitor: new information
00:00:00.164135 nspr-2     server 1: 2409:40e3:1019:1d70::f8
00:00:00.164138 nspr-2     no domain set
00:00:00.164140 nspr-2     no search string entries
00:00:00.167293 nspr-2   Failed to open "/dev/vboxdrvu", errno=2, rc=VERR_VM_DRIVER_NOT_INSTALLED
00:00:00.168436 nspr-2   VD: VDInit finished with VINF_SUCCESS
00:00:00.168740 nspr-2   ERROR [COM]: aRC=NS_ERROR_FAILURE (0x80004005) aIID={aac6c7cb-a371-4c58-ab51-0616896b2f2c} aComponent={SystemPropertiesWrap} aText={Cannot determine default Guest Additions ISO location. Most likely they are not available}, preserve=false aResultDetail=0
00:00:00.171842 nspr-2   Loading settings file "/home/ayush/VirtualBox VMs/AyushLInux/AyushLInux.vbox" with version "1.19-linux"
00:00:00.173597 nspr-2   VirtualBox: object created
00:00:02.746900 dns-monitor NAT: resolv.conf: nameserver 192.168.50.60
00:00:02.746921 dns-monitor NAT: resolv.conf: nameserver 2409:40e3:1019:1d70::f8
00:00:02.746932 dns-monitor HostDnsMonitor: updating information
00:00:02.746935 dns-monitor HostDnsMonitor: old information
00:00:02.747284 dns-monitor   server 1: 2409:40e3:1019:1d70::f8
00:00:02.747292 dns-monitor   no domain set
00:00:02.747295 dns-monitor   no search string entries
00:00:02.747298 dns-monitor HostDnsMonitor: new information
00:00:02.747300 dns-monitor   server 1: 192.168.50.60
00:00:02.747302 dns-monitor   server 2: 2409:40e3:1019:1d70::f8
00:00:02.747305 dns-monitor   no domain set
00:00:02.747307 dns-monitor   no search string entries
00:00:03.203002 nspr-5   WARNING [COM]: aRC=NS_ERROR_FAILURE (0x80004005) aIID={e54f6256-97a7-4947-8a78-10c013ddf4b8} aComponent={HostWrap} aText={VirtualBox is not currently allowed to access USB devices.  You can change this by adding your user to the 'vboxusers' group.  Please see the user manual for a more detailed explanation}, preserve=true aResultDetail=0
00:00:03.205309 nspr-4   WARNING [COM]: aRC=NS_ERROR_FAILURE (0x80004005) aIID={e54f6256-97a7-4947-8a78-10c013ddf4b8} aComponent={HostWrap} aText={VirtualBox is not currently allowed to access USB devices.  You can change this by adding your user to the 'vboxusers' group.  Please see the user manual for a more detailed explanation}, preserve=false aResultDetail=0
00:00:03.410602 nspr-6   ERROR [COM]: aRC=VBOX_E_INVALID_VM_STATE (0x80bb0002) aIID={300763af-5d6b-46e6-aa96-273eac15538a} aComponent={MachineWrap} aText={The machine is not mutable (state is PoweredOff)}, preserve=false aResultDetail=0
00:00:03.417317 nspr-3   Failed to open "/dev/vboxdrvu", errno=2, rc=VERR_VM_DRIVER_NOT_INSTALLED
00:00:03.634943 nspr-6   WARNING [COM]: aRC=NS_ERROR_FAILURE (0x80004005) aIID={e54f6256-97a7-4947-8a78-10c013ddf4b8} aComponent={HostWrap} aText={VirtualBox is not currently allowed to access USB devices.  You can change this by adding your user to the 'vboxusers' group.  Please see the user manual for a more detailed explanation}, preserve=true aResultDetail=0
00:00:03.636982 nspr-6   WARNING [COM]: aRC=NS_ERROR_FAILURE (0x80004005) aIID={e54f6256-97a7-4947-8a78-10c013ddf4b8} aComponent={HostWrap} aText={VirtualBox is not currently allowed to access USB devices.  You can change this by adding your user to the 'vboxusers' group.  Please see the user manual for a more detailed explanation}, preserve=true aResultDetail=0
00:00:07.021468 nspr-3   Launched VM: 1073747984 pid: 2012 (0x7dc) frontend: GUI/Qt name: AyushLInux
00:00:07.078356 nspr-2   ERROR [COM]: aRC=VBOX_E_INVALID_VM_STATE (0x80bb0002) aIID={300763af-5d6b-46e6-aa96-273eac15538a} aComponent={MachineWrap} aText={The machine is not mutable (state is PoweredOff)}, preserve=false aResultDetail=0
00:00:07.079565 nspr-2   Failed to open "/dev/vboxdrvu", errno=2, rc=VERR_VM_DRIVER_NOT_INSTALLED
00:00:07.113973 nspr-8   WARNING [COM]: aRC=NS_ERROR_FAILURE (0x80004005) aIID={e54f6256-97a7-4947-8a78-10c013ddf4b8} aComponent={HostWrap} aText={VirtualBox is not currently allowed to access USB devices.  You can change this by adding your user to the 'vboxusers' group.  Please see the user manual for a more detailed explanation}, preserve=true aResultDetail=0
00:00:07.115658 nspr-8   WARNING [COM]: aRC=NS_ERROR_FAILURE (0x80004005) aIID={e54f6256-97a7-4947-8a78-10c013ddf4b8} aComponent={HostWrap} aText={VirtualBox is not currently allowed to access USB devices.  You can change this by adding your user to the 'vboxusers' group.  Please see the user manual for a more detailed explanation}, preserve=true aResultDetail=0
00:00:07.521901 Watcher  ERROR [COM]: aRC=NS_ERROR_FAILURE (0x80004005) aIID={300763af-5d6b-46e6-aa96-273eac15538a} aComponent={MachineWrap} aText={The virtual machine 'AyushLInux' has terminated unexpectedly during startup with exit code 1 (0x1)}, preserve=false aResultDetail=0
00:00:07.572396 nspr-4   ERROR [COM]: aRC=VBOX_E_INVALID_VM_STATE (0x80bb0002) aIID={300763af-5d6b-46e6-aa96-273eac15538a} aComponent={MachineWrap} aText={The machine is not mutable (state is PoweredOff)}, preserve=false aResultDetail=0
00:00:07.573615 nspr-7   Failed to open "/dev/vboxdrvu", errno=2, rc=VERR_VM_DRIVER_NOT_INSTALLED
00:00:07.598542 nspr-6   WARNING [COM]: aRC=NS_ERROR_FAILURE (0x80004005) aIID={e54f6256-97a7-4947-8a78-10c013ddf4b8} aComponent={HostWrap} aText={VirtualBox is not currently allowed to access USB devices.  You can change this by adding your user to the 'vboxusers' group.  Please see the user manual for a more detailed explanation}, preserve=true aResultDetail=0
00:00:07.599749 nspr-7   WARNING [COM]: aRC=NS_ERROR_FAILURE (0x80004005) aIID={e54f6256-97a7-4947-8a78-10c013ddf4b8} aComponent={HostWrap} aText={VirtualBox is not currently allowed to access USB devices.  You can change this by adding your user to the 'vboxusers' group.  Please see the user manual for a more detailed explanation}, preserve=true aResultDetail=0
00:09:51.079611 main     VirtualBox: object deletion starts
00:09:51.079687 main     ERROR [COM]: aRC=VBOX_E_OBJECT_IN_USE (0x80bb000c) aIID={ad47ad09-787b-44ab-b343-a082a3f2dfb1} aComponent={MediumWrap} aText={Medium '/home/ayush/VirtualBox VMs/AyushLInux/AyushLInux.vdi' cannot be closed because it is still attached to 1 virtual machines}, preserve=false aResultDetail=0
00:09:51.080551 main     HostDnsMonitor: shutting down ...
00:09:51.094652 main     HostDnsMonitor: shut down
00:09:51.105088 Watcher  ERROR [COM]: aRC=E_ACCESSDENIED (0x80070005) aIID={7682d5eb-f00e-44f1-8ca2-99d08b1cd607} aComponent={VirtualBoxWrap} aText={The object is not ready}, preserve=false aResultDetail=0
00:09:51.105278 main     VirtualBox: object deleted
